   208   82  208   82    1    1    1    1    0.15539E+08
     0.66360E+01    0.66360E+01    0.26544E+02    0.55300E+00
     0.10073E+02    0.10000E+00    0.70780E+00
     0.00000E+00
     0.24709E-02
     0.74128E-02
     0.14826E-01
     0.24709E-01
     0.37064E-01
     0.51890E-01
     0.69186E-01
     0.88954E-01
     0.11119E+00
     0.13590E+00
     0.16308E+00
     0.19273E+00
     0.22486E+00
     0.25945E+00
     0.29651E+00
     0.33605E+00
     0.37805E+00
     0.42253E+00
     0.46948E+00
     0.51890E+00
     0.57079E+00
     0.62515E+00
     0.68198E+00
     0.74126E+00
     0.80248E+00
     0.86294E+00
     0.91618E+00
     0.95553E+00
     0.97957E+00
     0.99186E+00
     0.99718E+00
     0.99910E+00
     0.99972E+00
     0.99992E+00
     0.99998E+00
     0.10000E+01
     0.10000E+01
     0.10000E+01
     0.10000E+01
     0.10000E+01
     0.10000E+01
     0.10000E+01
     0.10000E+01
     0.10000E+01
     0.10000E+01
     0.10000E+01
     0.10000E+01
     0.10000E+01
     0.00000E+00
     0.00000E+00
     0.00000E+00
     0.00000E+00
     0.00000E+00
     0.00000E+00
     0.00000E+00
     0.00000E+00
     0.00000E+00
     0.00000E+00
     0.00000E+00
     0.00000E+00
     0.00000E+00
     0.00000E+00
     0.00000E+00
     0.00000E+00
     0.00000E+00
     0.00000E+00
     0.00000E+00
     0.00000E+00
     0.00000E+00
     0.00000E+00
     0.00000E+00
     0.00000E+00
     0.00000E+00
     0.00000E+00
     0.00000E+00
     0.00000E+00
     0.00000E+00
     0.00000E+00
     0.00000E+00
     0.00000E+00
     0.00000E+00
     0.00000E+00
     0.00000E+00
     0.00000E+00
     0.00000E+00
     0.00000E+00
     0.00000E+00
     0.00000E+00
     0.00000E+00
     0.00000E+00
     0.00000E+00
     0.00000E+00
     0.00000E+00
     0.00000E+00
     0.00000E+00
     0.00000E+00
     0.00000E+00
     0.00000E+00
     0.00000E+00
         49      1000    0.54000E+04    0.77762E+04    0.18142E+02
